TN:
SF:/tmp/BenchExec_run_fyop1wf4/tmp/testcov-jg3vzgks/instrumented_data_structures_set_multi_proc_ground-1.i
FN:2,__VERIFIER_assert
FN:18,insert
FN:24,elem_exists
FN:46,main
FNDA:0,__VERIFIER_assert
FNDA:0,insert
FNDA:0,elem_exists
FNDA:1,main
FNF:4
FNH:1
DA:2,0
DA:4,0
DA:5,0
DA:6,0
DA:7,0
DA:8,0
DA:11,0
DA:12,0
DA:15,0
DA:18,0
DA:20,0
DA:21,0
DA:24,0
DA:27,0
DA:28,0
DA:29,0
DA:30,0
DA:31,0
DA:32,0
DA:33,0
DA:36,0
DA:37,0
DA:42,0
DA:43,0
DA:46,1
DA:48,1
DA:52,47
DA:53,47
DA:54,47
DA:55,47
DA:58,0
DA:59,0
DA:60,0
DA:61,0
DA:62,0
DA:63,0
DA:64,0
DA:65,0
DA:68,0
DA:71,0
DA:74,0
DA:75,0
DA:76,0
DA:77,0
DA:80,0
DA:81,0
DA:82,0
DA:83,0
DA:84,0
DA:85,0
DA:86,0
DA:87,0
DA:90,0
DA:91,0
DA:96,0
DA:97,0
DA:98,0
DA:99,0
DA:100,0
DA:101,0
DA:102,0
DA:103,0
DA:106,0
DA:109,0
DA:110,0
LF:65
LH:6
end_of_record
SF:/home/kaled/Desktop/github_my_tool_27_06/output/harness.c
FN:39,abort_prog
FN:46,__VERIFIER_assume
FN:52,__VERIFIER_error
FN:60,replace_char
FN:68,parse_input_from
FN:112,parse_input
FN:117,__VERIFIER_nondet_char
FN:128,__VERIFIER_nondet_uchar
FN:134,__VERIFIER_nondet_short
FN:140,__VERIFIER_nondet_ushort
FN:146,__VERIFIER_nondet_int
FN:152,__VERIFIER_nondet_uint
FN:158,__VERIFIER_nondet_long
FN:164,__VERIFIER_nondet_ulong
FN:170,__VERIFIER_nondet_longlong
FN:176,__VERIFIER_nondet_ulonglong
FN:182,__VERIFIER_nondet_float
FN:188,__VERIFIER_nondet_double
FN:194,__VERIFIER_nondet_bool
FN:196,__VERIFIER_nondet_pointer
FN:198,__VERIFIER_nondet_size_t
FN:200,__VERIFIER_nondet_u8
FN:202,__VERIFIER_nondet_u16
FN:204,__VERIFIER_nondet_u32
FN:206,__VERIFIER_nondet_U32
FN:208,__VERIFIER_nondet_unsigned_char
FN:212,__VERIFIER_nondet_unsigned
FN:214,__VERIFIER_nondet_string
FN:221,get_input
FNDA:0,abort_prog
FNDA:0,__VERIFIER_assume
FNDA:0,__VERIFIER_error
FNDA:0,replace_char
FNDA:46,parse_input_from
FNDA:47,parse_input
FNDA:0,__VERIFIER_nondet_char
FNDA:0,__VERIFIER_nondet_uchar
FNDA:0,__VERIFIER_nondet_short
FNDA:0,__VERIFIER_nondet_ushort
FNDA:47,__VERIFIER_nondet_int
FNDA:0,__VERIFIER_nondet_uint
FNDA:0,__VERIFIER_nondet_long
FNDA:0,__VERIFIER_nondet_ulong
FNDA:0,__VERIFIER_nondet_longlong
FNDA:0,__VERIFIER_nondet_ulonglong
FNDA:0,__VERIFIER_nondet_float
FNDA:0,__VERIFIER_nondet_double
FNDA:0,__VERIFIER_nondet_bool
FNDA:0,__VERIFIER_nondet_pointer
FNDA:0,__VERIFIER_nondet_size_t
FNDA:0,__VERIFIER_nondet_u8
FNDA:0,__VERIFIER_nondet_u16
FNDA:0,__VERIFIER_nondet_u32
FNDA:0,__VERIFIER_nondet_U32
FNDA:0,__VERIFIER_nondet_unsigned_char
FNDA:0,__VERIFIER_nondet_unsigned
FNDA:0,__VERIFIER_nondet_string
FNDA:47,get_input
FNF:29
FNH:4
DA:39,0
DA:41,0
DA:43,0
DA:46,0
DA:47,0
DA:48,0
DA:50,0
DA:52,0
DA:53,0
DA:54,0
DA:60,0
DA:61,0
DA:62,0
DA:63,0
DA:64,0
DA:66,0
DA:68,46
DA:70,46
DA:71,46
DA:72,46
DA:73,0
DA:75,46
DA:76,0
DA:78,0
DA:80,0
DA:84,46
DA:86,46
DA:87,46
DA:88,0
DA:90,46
DA:91,0
DA:92,0
DA:93,0
DA:94,0
DA:100,0
DA:101,0
DA:102,0
DA:106,46
DA:107,0
DA:108,0
DA:110,46
DA:112,47
DA:113,47
DA:114,46
DA:115,46
DA:117,0
DA:119,0
DA:120,0
DA:121,0
DA:123,0
DA:125,0
DA:128,0
DA:130,0
DA:131,0
DA:134,0
DA:136,0
DA:137,0
DA:140,0
DA:142,0
DA:143,0
DA:146,47
DA:148,47
DA:149,46
DA:152,0
DA:154,0
DA:155,0
DA:158,0
DA:160,0
DA:161,0
DA:164,0
DA:166,0
DA:167,0
DA:170,0
DA:172,0
DA:173,0
DA:176,0
DA:178,0
DA:179,0
DA:182,0
DA:184,0
DA:185,0
DA:188,0
DA:190,0
DA:191,0
DA:194,0
DA:196,0
DA:198,0
DA:200,0
DA:202,0
DA:204,0
DA:206,0
DA:208,0
DA:209,0
DA:212,0
DA:214,0
DA:215,0
DA:217,0
DA:218,0
DA:221,47
DA:222,47
DA:223,47
DA:224,47
DA:225,1
DA:226,1
DA:228,46
DA:230,46
DA:231,45
DA:233,46
LF:108
LH:28
end_of_record
SF:/tmp/BenchExec_run_fyop1wf4/tmp/testcov-jg3vzgks/instrumented_data_structures_set_multi_proc_ground-1.i
FN:2,__VERIFIER_assert
FN:18,insert
FN:24,elem_exists
FN:46,main
FNDA:0,__VERIFIER_assert
FNDA:0,insert
FNDA:0,elem_exists
FNDA:1,main
FNF:4
FNH:1
DA:2,0
DA:4,0
DA:5,0
DA:6,0
DA:7,0
DA:8,0
DA:11,0
DA:12,0
DA:15,0
DA:18,0
DA:20,0
DA:21,0
DA:24,0
DA:27,0
DA:28,0
DA:29,0
DA:30,0
DA:31,0
DA:32,0
DA:33,0
DA:36,0
DA:37,0
DA:42,0
DA:43,0
DA:46,1
DA:48,1
DA:52,47
DA:53,47
DA:54,47
DA:55,47
DA:58,0
DA:59,0
DA:60,0
DA:61,0
DA:62,0
DA:63,0
DA:64,0
DA:65,0
DA:68,0
DA:71,0
DA:74,0
DA:75,0
DA:76,0
DA:77,0
DA:80,0
DA:81,0
DA:82,0
DA:83,0
DA:84,0
DA:85,0
DA:86,0
DA:87,0
DA:90,0
DA:91,0
DA:96,0
DA:97,0
DA:98,0
DA:99,0
DA:100,0
DA:101,0
DA:102,0
DA:103,0
DA:106,0
DA:109,0
DA:110,0
LF:65
LH:6
end_of_record
SF:/home/kaled/Desktop/github_my_tool_27_06/output/harness.c
FN:39,abort_prog
FN:46,__VERIFIER_assume
FN:52,__VERIFIER_error
FN:60,replace_char
FN:68,parse_input_from
FN:112,parse_input
FN:117,__VERIFIER_nondet_char
FN:128,__VERIFIER_nondet_uchar
FN:134,__VERIFIER_nondet_short
FN:140,__VERIFIER_nondet_ushort
FN:146,__VERIFIER_nondet_int
FN:152,__VERIFIER_nondet_uint
FN:158,__VERIFIER_nondet_long
FN:164,__VERIFIER_nondet_ulong
FN:170,__VERIFIER_nondet_longlong
FN:176,__VERIFIER_nondet_ulonglong
FN:182,__VERIFIER_nondet_float
FN:188,__VERIFIER_nondet_double
FN:194,__VERIFIER_nondet_bool
FN:196,__VERIFIER_nondet_pointer
FN:198,__VERIFIER_nondet_size_t
FN:200,__VERIFIER_nondet_u8
FN:202,__VERIFIER_nondet_u16
FN:204,__VERIFIER_nondet_u32
FN:206,__VERIFIER_nondet_U32
FN:208,__VERIFIER_nondet_unsigned_char
FN:212,__VERIFIER_nondet_unsigned
FN:214,__VERIFIER_nondet_string
FN:221,get_input
FNDA:0,abort_prog
FNDA:0,__VERIFIER_assume
FNDA:0,__VERIFIER_error
FNDA:0,replace_char
FNDA:46,parse_input_from
FNDA:47,parse_input
FNDA:0,__VERIFIER_nondet_char
FNDA:0,__VERIFIER_nondet_uchar
FNDA:0,__VERIFIER_nondet_short
FNDA:0,__VERIFIER_nondet_ushort
FNDA:47,__VERIFIER_nondet_int
FNDA:0,__VERIFIER_nondet_uint
FNDA:0,__VERIFIER_nondet_long
FNDA:0,__VERIFIER_nondet_ulong
FNDA:0,__VERIFIER_nondet_longlong
FNDA:0,__VERIFIER_nondet_ulonglong
FNDA:0,__VERIFIER_nondet_float
FNDA:0,__VERIFIER_nondet_double
FNDA:0,__VERIFIER_nondet_bool
FNDA:0,__VERIFIER_nondet_pointer
FNDA:0,__VERIFIER_nondet_size_t
FNDA:0,__VERIFIER_nondet_u8
FNDA:0,__VERIFIER_nondet_u16
FNDA:0,__VERIFIER_nondet_u32
FNDA:0,__VERIFIER_nondet_U32
FNDA:0,__VERIFIER_nondet_unsigned_char
FNDA:0,__VERIFIER_nondet_unsigned
FNDA:0,__VERIFIER_nondet_string
FNDA:47,get_input
FNF:29
FNH:4
DA:39,0
DA:41,0
DA:43,0
DA:46,0
DA:47,0
DA:48,0
DA:50,0
DA:52,0
DA:53,0
DA:54,0
DA:60,0
DA:61,0
DA:62,0
DA:63,0
DA:64,0
DA:66,0
DA:68,46
DA:70,46
DA:71,46
DA:72,46
DA:73,0
DA:75,46
DA:76,0
DA:78,0
DA:80,0
DA:84,46
DA:86,46
DA:87,46
DA:88,0
DA:90,46
DA:91,0
DA:92,0
DA:93,0
DA:94,0
DA:100,0
DA:101,0
DA:102,0
DA:106,46
DA:107,0
DA:108,0
DA:110,46
DA:112,47
DA:113,47
DA:114,46
DA:115,46
DA:117,0
DA:119,0
DA:120,0
DA:121,0
DA:123,0
DA:125,0
DA:128,0
DA:130,0
DA:131,0
DA:134,0
DA:136,0
DA:137,0
DA:140,0
DA:142,0
DA:143,0
DA:146,47
DA:148,47
DA:149,46
DA:152,0
DA:154,0
DA:155,0
DA:158,0
DA:160,0
DA:161,0
DA:164,0
DA:166,0
DA:167,0
DA:170,0
DA:172,0
DA:173,0
DA:176,0
DA:178,0
DA:179,0
DA:182,0
DA:184,0
DA:185,0
DA:188,0
DA:190,0
DA:191,0
DA:194,0
DA:196,0
DA:198,0
DA:200,0
DA:202,0
DA:204,0
DA:206,0
DA:208,0
DA:209,0
DA:212,0
DA:214,0
DA:215,0
DA:217,0
DA:218,0
DA:221,47
DA:222,47
DA:223,47
DA:224,47
DA:225,1
DA:226,1
DA:228,46
DA:230,46
DA:231,45
DA:233,46
LF:108
LH:28
end_of_record
